<?xml version="1.0" encoding="UTF-8"?>
<!-- Generated by org.testng.reporters.JUnitXMLReporter -->
<testsuite hostname="sivadurga" ignored="0" name="Test" tests="4" failures="0" timestamp="2021-10-18T12:06:05 IST" time="0.115" errors="0">
  <testcase name="BrowserAutomation" time="0.013" classname="qaclickacademy.SeleniumTest"/>
  <testcase name="ElementsUI" time="0.002" classname="qaclickacademy.SeleniumTest"/>
  <testcase name="deleteTwitter" time="0.0" classname="qaclickacademy.RESTAPITest"/>
  <testcase name="postjira" time="0.001" classname="qaclickacademy.RESTAPITest"/>
</testsuite> <!-- Test -->
