<?xml version="1.0" encoding="UTF-8"?>
<testng-results skipped="0" failed="0" ignored="0" total="4" passed="4">
  <reporter-output>
  </reporter-output>
  <suite name="Suite" duration-ms="115" started-at="2021-10-18T12:06:05 IST" finished-at="2021-10-18T12:06:05 IST">
    <groups>
    </groups>
    <test name="Test" duration-ms="115" started-at="2021-10-18T12:06:05 IST" finished-at="2021-10-18T12:06:05 IST">
      <class name="qaclickacademy.RESTAPITest">
        <test-method status="PASS" signature="deleteTwitter()[pri:0, instance:qaclickacademy.RESTAPITest@34cd072c]" name="deleteTwitter" duration-ms="0" started-at="2021-10-18T12:06:05 IST" finished-at="2021-10-18T12:06:05 IST">
          <reporter-output>
          </reporter-output>
        </test-method> <!-- deleteTwitter -->
        <test-method status="PASS" signature="postjira()[pri:0, instance:qaclickacademy.RESTAPITest@34cd072c]" name="postjira" duration-ms="1" started-at="2021-10-18T12:06:05 IST" finished-at="2021-10-18T12:06:05 IST">
          <reporter-output>
          </reporter-output>
        </test-method> <!-- postjira -->
      </class> <!-- qaclickacademy.RESTAPITest -->
      <class name="qaclickacademy.SeleniumTest">
        <test-method status="PASS" signature="BrowserAutomation()[pri:0, instance:qaclickacademy.SeleniumTest@536aaa8d]" name="BrowserAutomation" duration-ms="13" started-at="2021-10-18T12:06:05 IST" finished-at="2021-10-18T12:06:05 IST">
          <reporter-output>
          </reporter-output>
        </test-method> <!-- BrowserAutomation -->
        <test-method status="PASS" signature="ElementsUI()[pri:0, instance:qaclickacademy.SeleniumTest@536aaa8d]" name="ElementsUI" duration-ms="2" started-at="2021-10-18T12:06:05 IST" finished-at="2021-10-18T12:06:05 IST">
          <reporter-output>
          </reporter-output>
        </test-method> <!-- ElementsUI -->
      </class> <!-- qaclickacademy.SeleniumTest -->
    </test> <!-- Test -->
  </suite> <!-- Suite -->
</testng-results>
